<?xml version="1.0" encoding="UTF-8"?>
<testng-results ignored="0" total="1" passed="1" failed="0" skipped="0">
  <reporter-output>
    <line>
      <![CDATA[Setting ETO:8]]>
    </line>
    <line>
      <![CDATA[XL Data:admin]]>
    </line>
    <line>
      <![CDATA[Demo test]]>
    </line>
    <line>
      <![CDATA[Closing the Browser]]>
    </line>
  </reporter-output>
  <suite started-at="2021-12-23T08:01:14 IST" name="Default suite" finished-at="2021-12-23T08:01:20 IST" duration-ms="6145">
    <groups>
    </groups>
    <test started-at="2021-12-23T08:01:14 IST" name="Default test" finished-at="2021-12-23T08:01:20 IST" duration-ms="6145">
      <class name="scripts.Demo">
        <test-method is-config="true" signature="openApp()[pri:0, instance:scripts.Demo@5471388b]" started-at="2021-12-23T08:01:14 IST" name="openApp" finished-at="2021-12-23T08:01:18 IST" duration-ms="4492" status="PASS">
          <reporter-output>
            <line>
              <![CDATA[Setting ETO:8]]>
            </line>
          </reporter-output>
        </test-method> <!-- openApp -->
        <test-method signature="testA()[pri:0, instance:scripts.Demo@5471388b]" started-at="2021-12-23T08:01:18 IST" name="testA" finished-at="2021-12-23T08:01:19 IST" duration-ms="914" status="PASS">
          <reporter-output>
            <line>
              <![CDATA[XL Data:admin]]>
            </line>
            <line>
              <![CDATA[Demo test]]>
            </line>
          </reporter-output>
        </test-method> <!-- testA -->
        <test-method is-config="true" signature="closeApp()[pri:0, instance:scripts.Demo@5471388b]" started-at="2021-12-23T08:01:19 IST" name="closeApp" finished-at="2021-12-23T08:01:20 IST" duration-ms="701" status="PASS">
          <reporter-output>
            <line>
              <![CDATA[Closing the Browser]]>
            </line>
          </reporter-output>
        </test-method> <!-- closeApp -->
      </class> <!-- scripts.Demo -->
    </test> <!-- Default test -->
  </suite> <!-- Default suite -->
</testng-results>
